mode: set
github.com/asliddinberdiev/medium_clone/docs/docs.go:560.13,562.2 1 0
github.com/asliddinberdiev/medium_clone/cmd/main.go:33.13,36.16 3 0
github.com/asliddinberdiev/medium_clone/cmd/main.go:36.16,38.3 1 0
github.com/asliddinberdiev/medium_clone/cmd/main.go:39.2,51.16 4 0
github.com/asliddinberdiev/medium_clone/cmd/main.go:51.16,53.3 1 0
github.com/asliddinberdiev/medium_clone/cmd/main.go:56.2,61.16 2 0
github.com/asliddinberdiev/medium_clone/cmd/main.go:61.16,63.3 1 0
github.com/asliddinberdiev/medium_clone/cmd/main.go:65.2,71.69 6 0
github.com/asliddinberdiev/medium_clone/cmd/main.go:71.69,73.3 1 0
github.com/asliddinberdiev/medium_clone/config/config.go:39.31,41.16 2 0
github.com/asliddinberdiev/medium_clone/config/config.go:41.16,43.3 1 0
github.com/asliddinberdiev/medium_clone/config/config.go:45.2,71.12 4 0
github.com/asliddinberdiev/medium_clone/middleware/auth.go:13.63,14.32 1 0
github.com/asliddinberdiev/medium_clone/middleware/auth.go:14.32,16.23 2 0
github.com/asliddinberdiev/medium_clone/middleware/auth.go:16.23,19.4 2 0
github.com/asliddinberdiev/medium_clone/middleware/auth.go:21.3,22.56 2 0
github.com/asliddinberdiev/medium_clone/middleware/auth.go:22.56,25.4 2 0
github.com/asliddinberdiev/medium_clone/middleware/auth.go:27.3,28.18 2 0
github.com/asliddinberdiev/medium_clone/middleware/auth.go:28.18,31.4 2 0
github.com/asliddinberdiev/medium_clone/middleware/auth.go:33.3,34.17 2 0
github.com/asliddinberdiev/medium_clone/middleware/auth.go:34.17,37.4 2 0
github.com/asliddinberdiev/medium_clone/middleware/auth.go:39.3,40.10 2 0
github.com/asliddinberdiev/medium_clone/middleware/auth.go:40.10,44.4 3 0
github.com/asliddinberdiev/medium_clone/middleware/auth.go:45.3,45.54 1 0
github.com/asliddinberdiev/medium_clone/middleware/auth.go:45.54,49.4 3 0
github.com/asliddinberdiev/medium_clone/middleware/auth.go:51.3,51.33 1 0
github.com/asliddinberdiev/medium_clone/middleware/auth.go:51.33,55.4 3 0
github.com/asliddinberdiev/medium_clone/middleware/auth.go:57.3,59.13 2 0
github.com/asliddinberdiev/medium_clone/middleware/auth.go:63.55,64.32 1 0
github.com/asliddinberdiev/medium_clone/middleware/auth.go:64.32,68.17 3 0
github.com/asliddinberdiev/medium_clone/middleware/auth.go:68.17,71.4 2 0
github.com/asliddinberdiev/medium_clone/middleware/auth.go:73.3,73.27 1 0
github.com/asliddinberdiev/medium_clone/middleware/auth.go:73.27,76.4 2 0
github.com/asliddinberdiev/medium_clone/middleware/auth.go:78.3,78.13 1 0
github.com/asliddinberdiev/medium_clone/handler/handler_auth.go:24.43,27.16 3 0
github.com/asliddinberdiev/medium_clone/handler/handler_auth.go:27.16,30.3 2 0
github.com/asliddinberdiev/medium_clone/handler/handler_auth.go:32.2,32.40 1 0
github.com/asliddinberdiev/medium_clone/handler/handler_auth.go:32.40,35.3 2 0
github.com/asliddinberdiev/medium_clone/handler/handler_auth.go:37.2,38.16 2 0
github.com/asliddinberdiev/medium_clone/handler/handler_auth.go:38.16,39.55 1 0
github.com/asliddinberdiev/medium_clone/handler/handler_auth.go:39.55,42.4 2 0
github.com/asliddinberdiev/medium_clone/handler/handler_auth.go:43.3,43.27 1 0
github.com/asliddinberdiev/medium_clone/handler/handler_auth.go:43.27,46.4 2 0
github.com/asliddinberdiev/medium_clone/handler/handler_auth.go:47.3,48.9 2 0
github.com/asliddinberdiev/medium_clone/handler/handler_auth.go:51.2,51.67 1 0
github.com/asliddinberdiev/medium_clone/handler/handler_auth.go:51.67,54.3 2 0
github.com/asliddinberdiev/medium_clone/handler/handler_auth.go:56.2,57.16 2 0
github.com/asliddinberdiev/medium_clone/handler/handler_auth.go:57.16,60.3 2 0
github.com/asliddinberdiev/medium_clone/handler/handler_auth.go:62.2,63.16 2 0
github.com/asliddinberdiev/medium_clone/handler/handler_auth.go:63.16,66.3 2 0
github.com/asliddinberdiev/medium_clone/handler/handler_auth.go:68.2,76.4 2 0
github.com/asliddinberdiev/medium_clone/handler/handler_auth.go:92.44,95.16 3 0
github.com/asliddinberdiev/medium_clone/handler/handler_auth.go:95.16,98.3 2 0
github.com/asliddinberdiev/medium_clone/handler/handler_auth.go:100.2,100.23 1 0
github.com/asliddinberdiev/medium_clone/handler/handler_auth.go:100.23,103.3 2 0
github.com/asliddinberdiev/medium_clone/handler/handler_auth.go:105.2,106.16 2 0
github.com/asliddinberdiev/medium_clone/handler/handler_auth.go:106.16,109.3 2 0
github.com/asliddinberdiev/medium_clone/handler/handler_auth.go:111.2,112.9 2 0
github.com/asliddinberdiev/medium_clone/handler/handler_auth.go:112.9,116.3 3 0
github.com/asliddinberdiev/medium_clone/handler/handler_auth.go:118.2,118.85 1 0
github.com/asliddinberdiev/medium_clone/handler/handler_auth.go:118.85,121.3 2 0
github.com/asliddinberdiev/medium_clone/handler/handler_auth.go:123.2,123.54 1 0
github.com/asliddinberdiev/medium_clone/handler/handler_post.go:5.47,5.48 0 0
github.com/asliddinberdiev/medium_clone/handler/handler_post.go:6.47,6.48 0 0
github.com/asliddinberdiev/medium_clone/handler/handler_post.go:7.44,7.45 0 0
github.com/asliddinberdiev/medium_clone/handler/handler_post.go:8.47,8.48 0 0
github.com/asliddinberdiev/medium_clone/handler/handler_post.go:9.47,9.48 0 0
github.com/asliddinberdiev/medium_clone/handler/handler_user.go:23.48,25.51 2 0
github.com/asliddinberdiev/medium_clone/handler/handler_user.go:25.51,28.3 2 0
github.com/asliddinberdiev/medium_clone/handler/handler_user.go:30.2,30.40 1 0
github.com/asliddinberdiev/medium_clone/handler/handler_user.go:30.40,33.3 2 0
github.com/asliddinberdiev/medium_clone/handler/handler_user.go:35.2,36.16 2 0
github.com/asliddinberdiev/medium_clone/handler/handler_user.go:36.16,37.55 1 0
github.com/asliddinberdiev/medium_clone/handler/handler_user.go:37.55,40.4 2 0
github.com/asliddinberdiev/medium_clone/handler/handler_user.go:41.3,42.9 2 0
github.com/asliddinberdiev/medium_clone/handler/handler_user.go:45.2,46.16 2 0
github.com/asliddinberdiev/medium_clone/handler/handler_user.go:46.16,49.3 2 0
github.com/asliddinberdiev/medium_clone/handler/handler_user.go:51.2,52.16 2 0
github.com/asliddinberdiev/medium_clone/handler/handler_user.go:52.16,55.3 2 0
github.com/asliddinberdiev/medium_clone/handler/handler_user.go:57.2,65.4 2 0
github.com/asliddinberdiev/medium_clone/handler/handler_user.go:80.48,82.16 2 0
github.com/asliddinberdiev/medium_clone/handler/handler_user.go:82.16,85.3 2 0
github.com/asliddinberdiev/medium_clone/handler/handler_user.go:87.2,87.74 1 0
github.com/asliddinberdiev/medium_clone/handler/handler_user.go:103.49,105.9 2 0
github.com/asliddinberdiev/medium_clone/handler/handler_user.go:105.9,108.3 2 0
github.com/asliddinberdiev/medium_clone/handler/handler_user.go:110.2,111.16 2 0
github.com/asliddinberdiev/medium_clone/handler/handler_user.go:111.16,112.27 1 0
github.com/asliddinberdiev/medium_clone/handler/handler_user.go:112.27,115.4 2 0
github.com/asliddinberdiev/medium_clone/handler/handler_user.go:116.3,117.9 2 0
github.com/asliddinberdiev/medium_clone/handler/handler_user.go:120.2,120.63 1 0
github.com/asliddinberdiev/medium_clone/handler/handler_user.go:138.48,140.51 2 0
github.com/asliddinberdiev/medium_clone/handler/handler_user.go:140.51,143.3 2 0
github.com/asliddinberdiev/medium_clone/handler/handler_user.go:144.2,144.51 1 0
github.com/asliddinberdiev/medium_clone/handler/handler_user.go:144.51,147.3 2 0
github.com/asliddinberdiev/medium_clone/handler/handler_user.go:149.2,149.40 1 0
github.com/asliddinberdiev/medium_clone/handler/handler_user.go:149.40,152.3 2 0
github.com/asliddinberdiev/medium_clone/handler/handler_user.go:154.2,155.9 2 0
github.com/asliddinberdiev/medium_clone/handler/handler_user.go:155.9,158.3 2 0
github.com/asliddinberdiev/medium_clone/handler/handler_user.go:160.2,161.16 2 0
github.com/asliddinberdiev/medium_clone/handler/handler_user.go:161.16,162.27 1 0
github.com/asliddinberdiev/medium_clone/handler/handler_user.go:162.27,165.4 2 0
github.com/asliddinberdiev/medium_clone/handler/handler_user.go:166.3,167.9 2 0
github.com/asliddinberdiev/medium_clone/handler/handler_user.go:170.2,170.46 1 0
github.com/asliddinberdiev/medium_clone/handler/handler_user.go:170.46,173.3 2 0
github.com/asliddinberdiev/medium_clone/handler/handler_user.go:175.2,176.16 2 0
github.com/asliddinberdiev/medium_clone/handler/handler_user.go:176.16,177.27 1 0
github.com/asliddinberdiev/medium_clone/handler/handler_user.go:177.27,180.4 2 0
github.com/asliddinberdiev/medium_clone/handler/handler_user.go:181.3,182.9 2 0
github.com/asliddinberdiev/medium_clone/handler/handler_user.go:185.2,185.72 1 0
github.com/asliddinberdiev/medium_clone/handler/handler_user.go:201.48,203.9 2 0
github.com/asliddinberdiev/medium_clone/handler/handler_user.go:203.9,206.3 2 0
github.com/asliddinberdiev/medium_clone/handler/handler_user.go:208.2,209.16 2 0
github.com/asliddinberdiev/medium_clone/handler/handler_user.go:209.16,210.27 1 0
github.com/asliddinberdiev/medium_clone/handler/handler_user.go:210.27,213.4 2 0
github.com/asliddinberdiev/medium_clone/handler/handler_user.go:214.3,215.9 2 0
github.com/asliddinberdiev/medium_clone/handler/handler_user.go:218.2,220.4 1 0
github.com/asliddinberdiev/medium_clone/handler/router.go:18.69,20.2 1 0
github.com/asliddinberdiev/medium_clone/handler/router.go:22.44,29.2 5 0
github.com/asliddinberdiev/medium_clone/handler/router.go:29.2,31.3 2 0
github.com/asliddinberdiev/medium_clone/handler/router.go:31.3,33.4 2 0
github.com/asliddinberdiev/medium_clone/handler/router.go:33.4,36.5 2 0
github.com/asliddinberdiev/medium_clone/handler/router.go:38.4,39.4 2 0
github.com/asliddinberdiev/medium_clone/handler/router.go:39.4,43.5 3 0
github.com/asliddinberdiev/medium_clone/handler/router.go:46.3,47.3 2 0
github.com/asliddinberdiev/medium_clone/handler/router.go:47.3,49.4 2 0
github.com/asliddinberdiev/medium_clone/handler/router.go:49.4,51.5 1 0
github.com/asliddinberdiev/medium_clone/handler/router.go:53.4,54.4 2 0
github.com/asliddinberdiev/medium_clone/handler/router.go:54.4,59.5 4 0
github.com/asliddinberdiev/medium_clone/handler/router.go:61.4,62.4 2 0
github.com/asliddinberdiev/medium_clone/handler/router.go:62.4,65.5 2 0
github.com/asliddinberdiev/medium_clone/handler/router.go:69.2,72.15 3 0
github.com/asliddinberdiev/medium_clone/models/auth.go:12.33,14.2 1 0
github.com/asliddinberdiev/medium_clone/models/models.go:7.13,9.2 1 0
github.com/asliddinberdiev/medium_clone/models/user.go:28.39,30.2 1 0
github.com/asliddinberdiev/medium_clone/models/user.go:32.39,34.2 1 0
github.com/asliddinberdiev/medium_clone/server/server.go:13.63,23.2 2 0
github.com/asliddinberdiev/medium_clone/server/server.go:25.54,27.2 1 0
github.com/asliddinberdiev/medium_clone/utils/http.go:8.58,10.2 1 0
github.com/asliddinberdiev/medium_clone/utils/http.go:12.75,18.2 1 0
github.com/asliddinberdiev/medium_clone/utils/http.go:20.93,28.2 1 0
github.com/asliddinberdiev/medium_clone/utils/http.go:30.59,32.2 1 0
github.com/asliddinberdiev/medium_clone/utils/password.go:7.60,9.16 2 0
github.com/asliddinberdiev/medium_clone/utils/password.go:9.16,11.3 1 0
github.com/asliddinberdiev/medium_clone/utils/password.go:12.2,12.36 1 0
github.com/asliddinberdiev/medium_clone/utils/password.go:15.56,18.2 2 0
github.com/asliddinberdiev/medium_clone/utils/string.go:5.42,7.2 1 0
github.com/asliddinberdiev/medium_clone/service/service.go:37.71,43.2 1 0
github.com/asliddinberdiev/medium_clone/service/service_auth.go:14.56,16.2 1 0
github.com/asliddinberdiev/medium_clone/service/service_auth.go:18.80,20.2 1 0
github.com/asliddinberdiev/medium_clone/service/service_auth.go:22.58,24.16 2 0
github.com/asliddinberdiev/medium_clone/service/service_auth.go:24.16,26.3 1 0
github.com/asliddinberdiev/medium_clone/service/service_auth.go:27.2,28.13 2 0
github.com/asliddinberdiev/medium_clone/service/service_log.go:14.30,20.16 4 0
github.com/asliddinberdiev/medium_clone/service/service_log.go:20.16,22.3 1 0
github.com/asliddinberdiev/medium_clone/service/service_log.go:23.2,23.43 1 0
github.com/asliddinberdiev/medium_clone/service/service_log.go:26.50,27.32 1 0
github.com/asliddinberdiev/medium_clone/service/service_log.go:27.32,46.3 11 0
github.com/asliddinberdiev/medium_clone/service/service_token.go:19.52,21.2 1 0
github.com/asliddinberdiev/medium_clone/service/service_token.go:23.94,35.16 4 0
github.com/asliddinberdiev/medium_clone/service/service_token.go:35.16,38.3 2 0
github.com/asliddinberdiev/medium_clone/service/service_token.go:40.2,40.25 1 0
github.com/asliddinberdiev/medium_clone/service/service_token.go:43.75,45.16 2 0
github.com/asliddinberdiev/medium_clone/service/service_token.go:45.16,48.3 2 0
github.com/asliddinberdiev/medium_clone/service/service_token.go:49.2,49.90 1 0
github.com/asliddinberdiev/medium_clone/service/service_token.go:52.76,54.16 2 0
github.com/asliddinberdiev/medium_clone/service/service_token.go:54.16,57.3 2 0
github.com/asliddinberdiev/medium_clone/service/service_token.go:58.2,58.90 1 0
github.com/asliddinberdiev/medium_clone/service/service_token.go:61.82,62.83 1 0
github.com/asliddinberdiev/medium_clone/service/service_token.go:62.83,63.58 1 0
github.com/asliddinberdiev/medium_clone/service/service_token.go:63.58,66.4 2 0
github.com/asliddinberdiev/medium_clone/service/service_token.go:67.3,67.37 1 0
github.com/asliddinberdiev/medium_clone/service/service_token.go:69.2,69.16 1 0
github.com/asliddinberdiev/medium_clone/service/service_token.go:69.16,70.47 1 0
github.com/asliddinberdiev/medium_clone/service/service_token.go:70.47,73.4 2 0
github.com/asliddinberdiev/medium_clone/service/service_token.go:74.3,75.42 2 0
github.com/asliddinberdiev/medium_clone/service/service_token.go:78.2,78.67 1 0
github.com/asliddinberdiev/medium_clone/service/service_token.go:78.67,85.3 2 0
github.com/asliddinberdiev/medium_clone/service/service_token.go:87.2,88.41 2 0
github.com/asliddinberdiev/medium_clone/service/service_user.go:17.56,19.2 1 0
github.com/asliddinberdiev/medium_clone/service/service_user.go:21.76,23.16 2 0
github.com/asliddinberdiev/medium_clone/service/service_user.go:23.16,26.3 2 0
github.com/asliddinberdiev/medium_clone/service/service_user.go:28.2,29.16 2 0
github.com/asliddinberdiev/medium_clone/service/service_user.go:29.16,32.3 2 0
github.com/asliddinberdiev/medium_clone/service/service_user.go:34.2,35.16 2 0
github.com/asliddinberdiev/medium_clone/service/service_user.go:35.16,38.3 2 0
github.com/asliddinberdiev/medium_clone/service/service_user.go:40.2,40.21 1 0
github.com/asliddinberdiev/medium_clone/service/service_user.go:40.21,42.3 1 0
github.com/asliddinberdiev/medium_clone/service/service_user.go:44.2,45.16 2 0
github.com/asliddinberdiev/medium_clone/service/service_user.go:45.16,48.3 2 0
github.com/asliddinberdiev/medium_clone/service/service_user.go:50.2,50.21 1 0
github.com/asliddinberdiev/medium_clone/service/service_user.go:53.56,55.16 2 0
github.com/asliddinberdiev/medium_clone/service/service_user.go:55.16,56.27 1 0
github.com/asliddinberdiev/medium_clone/service/service_user.go:56.27,58.4 1 0
github.com/asliddinberdiev/medium_clone/service/service_user.go:59.3,59.18 1 0
github.com/asliddinberdiev/medium_clone/service/service_user.go:61.2,61.18 1 0
github.com/asliddinberdiev/medium_clone/service/service_user.go:64.64,66.16 2 0
github.com/asliddinberdiev/medium_clone/service/service_user.go:66.16,69.3 2 0
github.com/asliddinberdiev/medium_clone/service/service_user.go:71.2,71.18 1 0
github.com/asliddinberdiev/medium_clone/service/service_user.go:74.70,76.16 2 0
github.com/asliddinberdiev/medium_clone/service/service_user.go:76.16,79.3 2 0
github.com/asliddinberdiev/medium_clone/service/service_user.go:81.2,81.18 1 0
github.com/asliddinberdiev/medium_clone/service/service_user.go:84.87,86.16 2 0
github.com/asliddinberdiev/medium_clone/service/service_user.go:86.16,87.27 1 0
github.com/asliddinberdiev/medium_clone/service/service_user.go:87.27,90.4 2 0
github.com/asliddinberdiev/medium_clone/service/service_user.go:91.3,91.18 1 0
github.com/asliddinberdiev/medium_clone/service/service_user.go:94.2,94.26 1 0
github.com/asliddinberdiev/medium_clone/service/service_user.go:94.26,96.3 1 0
github.com/asliddinberdiev/medium_clone/service/service_user.go:97.2,97.25 1 0
github.com/asliddinberdiev/medium_clone/service/service_user.go:97.25,99.3 1 0
github.com/asliddinberdiev/medium_clone/service/service_user.go:100.2,100.21 1 0
github.com/asliddinberdiev/medium_clone/service/service_user.go:100.21,102.3 1 0
github.com/asliddinberdiev/medium_clone/service/service_user.go:104.2,105.16 2 0
github.com/asliddinberdiev/medium_clone/service/service_user.go:105.16,108.3 2 0
github.com/asliddinberdiev/medium_clone/service/service_user.go:110.2,110.24 1 0
github.com/asliddinberdiev/medium_clone/service/service_user.go:113.47,115.16 2 0
github.com/asliddinberdiev/medium_clone/service/service_user.go:115.16,118.3 2 0
github.com/asliddinberdiev/medium_clone/service/service_user.go:119.2,119.12 1 0
github.com/asliddinberdiev/medium_clone/models/auth.go:12.33,14.2 1 0
github.com/asliddinberdiev/medium_clone/models/models.go:7.13,9.2 1 1
github.com/asliddinberdiev/medium_clone/models/user.go:28.39,30.2 1 0
github.com/asliddinberdiev/medium_clone/models/user.go:32.39,34.2 1 0
github.com/asliddinberdiev/medium_clone/repository/postgres.go:20.58,31.16 3 1
github.com/asliddinberdiev/medium_clone/repository/postgres.go:31.16,34.3 2 0
github.com/asliddinberdiev/medium_clone/repository/postgres.go:36.2,37.16 2 1
github.com/asliddinberdiev/medium_clone/repository/postgres.go:37.16,40.3 2 1
github.com/asliddinberdiev/medium_clone/repository/postgres.go:42.2,43.16 2 1
github.com/asliddinberdiev/medium_clone/repository/redis.go:18.57,27.16 4 1
github.com/asliddinberdiev/medium_clone/repository/redis.go:27.16,30.3 2 1
github.com/asliddinberdiev/medium_clone/repository/redis.go:32.2,33.17 2 1
github.com/asliddinberdiev/medium_clone/repository/repo_auth.go:16.72,18.2 1 1
github.com/asliddinberdiev/medium_clone/repository/repo_auth.go:20.83,23.2 2 1
github.com/asliddinberdiev/medium_clone/repository/repo_auth.go:25.72,28.2 2 1
github.com/asliddinberdiev/medium_clone/repository/repo_user.go:15.53,17.2 1 1
github.com/asliddinberdiev/medium_clone/repository/repo_user.go:19.73,27.16 3 1
github.com/asliddinberdiev/medium_clone/repository/repo_user.go:27.16,30.3 2 1
github.com/asliddinberdiev/medium_clone/repository/repo_user.go:32.2,32.19 1 1
github.com/asliddinberdiev/medium_clone/repository/repo_user.go:35.59,44.16 4 1
github.com/asliddinberdiev/medium_clone/repository/repo_user.go:44.16,47.3 2 1
github.com/asliddinberdiev/medium_clone/repository/repo_user.go:49.2,49.19 1 1
github.com/asliddinberdiev/medium_clone/repository/repo_user.go:52.67,62.16 4 1
github.com/asliddinberdiev/medium_clone/repository/repo_user.go:62.16,65.3 2 1
github.com/asliddinberdiev/medium_clone/repository/repo_user.go:67.2,67.19 1 1
github.com/asliddinberdiev/medium_clone/repository/repo_user.go:70.73,81.16 4 1
github.com/asliddinberdiev/medium_clone/repository/repo_user.go:81.16,84.3 2 1
github.com/asliddinberdiev/medium_clone/repository/repo_user.go:86.2,86.19 1 1
github.com/asliddinberdiev/medium_clone/repository/repo_user.go:89.89,103.16 4 1
github.com/asliddinberdiev/medium_clone/repository/repo_user.go:103.16,106.3 2 1
github.com/asliddinberdiev/medium_clone/repository/repo_user.go:108.2,108.20 1 1
github.com/asliddinberdiev/medium_clone/repository/repo_user.go:111.50,115.16 3 1
github.com/asliddinberdiev/medium_clone/repository/repo_user.go:115.16,118.3 2 1
github.com/asliddinberdiev/medium_clone/repository/repo_user.go:120.2,120.12 1 1
github.com/asliddinberdiev/medium_clone/repository/repository.go:30.64,35.2 1 1
